[INFO] Scanning for projects...
[INFO] 
[INFO] -----------------------< com.water:water-system >-----------------------
[INFO] Building  0.0.1-SNAPSHOT
[INFO]   from pom.xml
[INFO] --------------------------------[ jar ]---------------------------------
[INFO] 
[INFO] >>> spring-boot:3.5.13:run (default-cli) > test-compile @ water-system >>>
[INFO] 
[INFO] --- resources:3.3.1:resources (default-resources) @ water-system ---
[INFO] Copying 1 resource from src\main\resources to target\classes
[INFO] Copying 0 resource from src\main\resources to target\classes
[INFO] 
[INFO] --- compiler:3.14.1:compile (default-compile) @ water-system ---
[INFO] Nothing to compile - all classes are up to date.
[INFO] 
[INFO] --- resources:3.3.1:testResources (default-testResources) @ water-system ---
[INFO] skip non existing resourceDirectory C:\xampp\htdocs\water-system\water-system\water-system\src\test\resources
[INFO] 
[INFO] --- compiler:3.14.1:testCompile (default-testCompile) @ water-system ---
[INFO] Nothing to compile - all classes are up to date.
[INFO] 
[INFO] <<< spring-boot:3.5.13:run (default-cli) < test-compile @ water-system <<<
[INFO] 
[INFO] 
[INFO] --- spring-boot:3.5.13:run (default-cli) @ water-system ---
[INFO] Attaching agents: []

  .   ____          _            __ _ _
 /\\ / ___'_ __ _ _(_)_ __  __ _ \ \ \ \
( ( )\___ | '_ | '_| | '_ \/ _` | \ \ \ \
 \\/  ___)| |_)| | | | | || (_| |  ) ) ) )
  '  |____| .__|_| |_|_| |_\__, | / / / /
 =========|_|==============|___/=/_/_/_/

 :: Spring Boot ::               (v3.5.13)

2026-04-23T13:44:12.221+03:00  INFO 4108 --- [water-system] [           main] c.w.water_system.WaterSystemApplication  : Starting WaterSystemApplication using Java 25.0.2 with PID 4108 (C:\xampp\htdocs\water-system\water-system\water-system\target\classes started by mamc in C:\xampp\htdocs\water-system\water-system\water-system)
2026-04-23T13:44:12.222+03:00  INFO 4108 --- [water-system] [           main] c.w.water_system.WaterSystemApplication  : No active profile set, falling back to 1 default profile: "default"
2026-04-23T13:44:12.571+03:00  INFO 4108 --- [water-system] [           main] .s.d.r.c.RepositoryConfigurationDelegate : Bootstrapping Spring Data JPA repositories in DEFAULT mode.
2026-04-23T13:44:12.619+03:00  INFO 4108 --- [water-system] [           main] .s.d.r.c.RepositoryConfigurationDelegate : Finished Spring Data repository scanning in 41 ms. Found 4 JPA repository interfaces.
2026-04-23T13:44:12.919+03:00  INFO 4108 --- [water-system] [           main] o.s.b.w.embedded.tomcat.TomcatWebServer  : Tomcat initialized with port 8081 (http)
2026-04-23T13:44:12.931+03:00  INFO 4108 --- [water-system] [           main] o.apache.catalina.core.StandardService   : Starting service [Tomcat]
2026-04-23T13:44:12.932+03:00  INFO 4108 --- [water-system] [           main] o.apache.catalina.core.StandardEngine    : Starting Servlet engine: [Apache Tomcat/10.1.53]
2026-04-23T13:44:12.963+03:00  INFO 4108 --- [water-system] [           main] o.a.c.c.C.[Tomcat].[localhost].[/]       : Initializing Spring embedded WebApplicationContext
2026-04-23T13:44:12.963+03:00  INFO 4108 --- [water-system] [           main] w.s.c.ServletWebServerApplicationContext : Root WebApplicationContext: initialization completed in 711 ms
2026-04-23T13:44:13.054+03:00  INFO 4108 --- [water-system] [           main] o.hibernate.jpa.internal.util.LogHelper  : HHH000204: Processing PersistenceUnitInfo [name: default]
2026-04-23T13:44:13.079+03:00  INFO 4108 --- [water-system] [           main] org.hibernate.Version                    : HHH000412: Hibernate ORM core version 6.6.45.Final
2026-04-23T13:44:13.096+03:00  INFO 4108 --- [water-system] [           main] o.h.c.internal.RegionFactoryInitiator    : HHH000026: Second-level cache disabled
2026-04-23T13:44:13.249+03:00  INFO 4108 --- [water-system] [           main] o.s.o.j.p.SpringPersistenceUnitInfo      : No LoadTimeWeaver setup: ignoring JPA class transformer
2026-04-23T13:44:13.265+03:00  INFO 4108 --- [water-system] [           main] com.zaxxer.hikari.HikariDataSource       : HikariPool-1 - Starting...
2026-04-23T13:44:13.370+03:00  INFO 4108 --- [water-system] [           main] com.zaxxer.hikari.pool.HikariPool        : HikariPool-1 - Added connection com.mysql.cj.jdbc.ConnectionImpl@5cdf221a
2026-04-23T13:44:13.371+03:00  INFO 4108 --- [water-system] [           main] com.zaxxer.hikari.HikariDataSource       : HikariPool-1 - Start completed.
2026-04-23T13:44:13.402+03:00  WARN 4108 --- [water-system] [           main] org.hibernate.dialect.Dialect            : HHH000511: The 5.5.5 version for [org.hibernate.dialect.MySQLDialect] is no longer supported, hence certain features may not work properly. The minimum supported version is 8.0.0. Check the community dialects project for available legacy versions.
2026-04-23T13:44:13.415+03:00  INFO 4108 --- [water-system] [           main] org.hibernate.orm.connections.pooling    : HHH10001005: Database info:
	Database JDBC URL [Connecting through datasource 'HikariDataSource (HikariPool-1)']
	Database driver: undefined/unknown
	Database version: 5.5.5
	Autocommit mode: undefined/unknown
	Isolation level: undefined/unknown
	Minimum pool size: undefined/unknown
	Maximum pool size: undefined/unknown
2026-04-23T13:44:13.882+03:00  INFO 4108 --- [water-system] [           main] o.h.e.t.j.p.i.JtaPlatformInitiator       : HHH000489: No JTA platform available (set 'hibernate.transaction.jta.platform' to enable JTA platform integration)
2026-04-23T13:44:13.962+03:00  INFO 4108 --- [water-system] [           main] j.LocalContainerEntityManagerFactoryBean : Initialized JPA EntityManagerFactory for persistence unit 'default'
2026-04-23T13:44:14.171+03:00  WARN 4108 --- [water-system] [           main] JpaBaseConfiguration$JpaWebConfiguration : spring.jpa.open-in-view is enabled by default. Therefore, database queries may be performed during view rendering. Explicitly configure spring.jpa.open-in-view to disable this warning
2026-04-23T13:44:14.387+03:00  WARN 4108 --- [water-system] [           main] ConfigServletWebServerApplicationContext : Exception encountered during context initialization - cancelling refresh attempt: org.springframework.context.ApplicationContextException: Failed to start bean 'webServerStartStop'
2026-04-23T13:44:14.387+03:00  INFO 4108 --- [water-system] [           main] j.LocalContainerEntityManagerFactoryBean : Closing JPA EntityManagerFactory for persistence unit 'default'
2026-04-23T13:44:14.389+03:00  INFO 4108 --- [water-system] [           main] com.zaxxer.hikari.HikariDataSource       : HikariPool-1 - Shutdown initiated...
2026-04-23T13:44:14.394+03:00  INFO 4108 --- [water-system] [           main] com.zaxxer.hikari.HikariDataSource       : HikariPool-1 - Shutdown completed.
2026-04-23T13:44:14.402+03:00  INFO 4108 --- [water-system] [           main] .s.b.a.l.ConditionEvaluationReportLogger : 

Error starting ApplicationContext. To display the condition evaluation report re-run your application with 'debug' enabled.
2026-04-23T13:44:14.412+03:00 ERROR 4108 --- [water-system] [           main] o.s.b.d.LoggingFailureAnalysisReporter   : 

***************************
APPLICATION FAILED TO START
***************************

Description:

Web server failed to start. Port 8081 was already in use.

Action:

Identify and stop the process that's listening on port 8081 or configure this application to listen on another port.

[INFO] ------------------------------------------------------------------------
[INFO] BUILD FAILURE
[INFO] ------------------------------------------------------------------------
[INFO] Total time:  3.978 s
[INFO] Finished at: 2026-04-23T13:44:14+03:00
[INFO] ------------------------------------------------------------------------
[ERROR] Failed to execute goal org.springframework.boot:spring-boot-maven-plugin:3.5.13:run (default-cli) on project water-system: Process terminated with exit code: 1 -> [Help 1]
[ERROR] 
[ERROR] To see the full stack trace of the errors, re-run Maven with the -e switch.
[ERROR] Re-run Maven using the -X switch to enable full debug logging.
[ERROR] 
[ERROR] For more information about the errors and possible solutions, please read the following articles:
[ERROR] [Help 1] http://cwiki.apache.org/confluence/display/MAVEN/MojoExecutionException
